{"name": "test_move_to_history_button", "status": "failed", "statusDetails": {"message": "AssertionError", "trace": "self = <testcase.test_home.TestHomePage object at 0x0000021785F08380>\nopen_browser = <selenium.webdriver.chrome.webdriver.WebDriver (session=\"fb34c73066a2501b46d053c46decaaf3\")>\n\n    @pytest.mark.homemove\n    def test_move_to_history_button(self, open_browser):\n        with allure.step(\"Go to home page\"):\n            home_page = HomePage(open_browser)\n    \n        with allure.step(\"Move the mouse to view history button\"):\n            home_page.move_to_view_history_button()\n    \n        with allure.step(\"verify page shows correct\"):\n            actual_result = home_page.element_exist(home_page.win_history)\n            verification.assertion(True,\"==\", actual_result)\n            actual_text = home_page.get_text(home_page.win_history_head)\n            expect_text = \"观看历史\"\n>           verification.assertion(expect_text, \"==\", actual_text)\n\ntestcase\\test_home.py:103: \n_ _ _ _ _ _ _ _ _ _ _ _ _ _ _ _ _ _ _ _ _ _ _ _ _ _ _ _ _ _ _ _ _ _ _ _ _ _ _ _ _ _ _ _ _ _ _ _ _ _ _ _ _ _ _ _ _ _ _ _ _ _ _ _ _ _ _ _ _ _ _ _ _ _\n\nself = <utils.assert_util.AssertUtil object at 0x0000021785ECA3C0>, expect_result = '观看历史', compare_method = '==', actual_result = ''\nmessage = None\n\n    def assertion(self, expect_result, compare_method, actual_result, message = None):\n        \"\"\"\n        :param expect_result:\n        :param compare_method:\n        :param actual_result:\n        :return:\n        \"\"\"\n        logger.info(f\"start assertion, expect: {expect_result}, compare method: {compare_method}, actual:{actual_result}\")\n        try:\n            if compare_method == \"==\":\n>               assert expect_result == actual_result\nE               AssertionError\n\nutils\\assert_util.py:17: AssertionError"}, "steps": [{"name": "Go to home page", "status": "passed", "start": 1741591784273, "stop": 1741591784273}, {"name": "Move the mouse to view history button", "status": "passed", "start": 1741591784273, "stop": 1741591789609}, {"name": "verify page shows correct", "status": "failed", "statusDetails": {"message": "AssertionError\n", "trace": "  File \"C:\\Users\\huiyi\\PycharmProjects\\web_automation_yangshipin\\testcase\\test_home.py\", line 103, in test_move_to_history_button\n    verification.assertion(expect_text, \"==\", actual_text)\n    ~~~~~~~~~~~~~~~~~~~~~~^^^^^^^^^^^^^^^^^^^^^^^^^^^^^^^^\n  File \"C:\\Users\\huiyi\\PycharmProjects\\web_automation_yangshipin\\utils\\assert_util.py\", line 17, in assertion\n    assert expect_result == actual_result\n           ^^^^^^^^^^^^^^^^^^^^^^^^^^^^^^\n"}, "start": 1741591789609, "stop": 1741591789695}], "attachments": [{"name": "fail screenshot", "source": "b550d733-77e9-4641-a258-1976e0a59a2a-attachment.png", "type": "image/png"}, {"name": "log", "source": "5d1028dc-c1e0-4e47-93cd-d94eb1e02fd4-attachment.txt", "type": "text/plain"}], "start": 1741591784273, "stop": 1741591789728, "uuid": "91da2f25-6e63-4fb3-b5ae-7c8f2b50c489", "historyId": "12dfb1670392b4bd2f65f800a013a007", "testCaseId": "12dfb1670392b4bd2f65f800a013a007", "fullName": "testcase.test_home.TestHomePage#test_move_to_history_button", "labels": [{"name": "epic", "value": "HomePage"}, {"name": "feature", "value": "home page cases"}, {"name": "tag", "value": "homemove"}, {"name": "parentSuite", "value": "testcase"}, {"name": "suite", "value": "test_home"}, {"name": "subSuite", "value": "TestHomePage"}, {"name": "host", "value": "DESKTOP-DECQQQS"}, {"name": "thread", "value": "14968-MainThread"}, {"name": "framework", "value": "pytest"}, {"name": "language", "value": "cpython3"}, {"name": "package", "value": "testcase.test_home"}]}